<?xml version="1.0" encoding="UTF-8"?>
<!-- Generated by org.testng.reporters.JUnitReportReporter -->
<testsuite hostname="IN00217" name="com.ssp.regression.insurer.testscripts.A" tests="4" failures="0" timestamp="27 Dec 2018 06:16:11 GMT" time="0.008" errors="0">
  <testcase name="methodB" time="0.001" classname="com.ssp.regression.insurer.testscripts.A"/>
  <testcase name="methodC" time="0.001" classname="com.ssp.regression.insurer.testscripts.A"/>
  <testcase name="methodA" time="0.006" classname="com.ssp.regression.insurer.testscripts.A"/>
  <testcase name="methodD" time="0.000" classname="com.ssp.regression.insurer.testscripts.A"/>
</testsuite> <!-- com.ssp.regression.insurer.testscripts.A -->
