<?xml version="1.0" encoding="UTF-8"?>
<!-- Generated by org.testng.reporters.JUnitReportReporter -->
<testsuite hostname="IN00439" name="com.ssp.regression.insurer.testscripts.US_6524" tests="3" failures="0" timestamp="15 Jan 2019 05:47:10 GMT" time="68.350" errors="0">
  <testcase name="TC_6524_7453" time="1.901" classname="com.ssp.regression.insurer.testscripts.US_6524"/>
  <testcase name="TC_6524_7457" time="2.468" classname="com.ssp.regression.insurer.testscripts.US_6524"/>
  <testcase name="TC_6524_7452" time="63.981" classname="com.ssp.regression.insurer.testscripts.US_6524"/>
</testsuite> <!-- com.ssp.regression.insurer.testscripts.US_6524 -->
