<?xml version="1.0" encoding="UTF-8"?>
<!-- Generated by org.testng.reporters.JUnitReportReporter -->
<testsuite hostname="IN00217" name="com.ssp.regression.insurer.testscripts.PP_1703" tests="1" failures="0" timestamp="19 Nov 2018 06:34:23 GMT" time="105.856" errors="0">
  <testcase name="TC1703_09" time="105.856" classname="com.ssp.regression.insurer.testscripts.PP_1703"/>
</testsuite> <!-- com.ssp.regression.insurer.testscripts.PP_1703 -->
