<?xml version="1.0" encoding="UTF-8"?>
<!-- Generated by org.testng.reporters.JUnitReportReporter -->
<testsuite hostname="IN00217" name="com.ssp.regression.insurer.testscripts.PP_6675_5053" tests="1" failures="0" timestamp="10 Oct 2018 05:31:17 GMT" time="659.774" errors="0">
  <testcase name="TC01" time="659.774" classname="com.ssp.regression.insurer.testscripts.PP_6675_5053"/>
</testsuite> <!-- com.ssp.regression.insurer.testscripts.PP_6675_5053 -->
