<?xml version="1.0" encoding="UTF-8"?>
<!-- Generated by org.testng.reporters.JUnitReportReporter -->
<testsuite hostname="IN00217" name="com.ssp.regression.insurer.testscripts.PP_6675_5518" tests="1" failures="0" timestamp="11 Oct 2018 10:06:38 GMT" time="519.238" errors="0">
  <testcase name="TC01" time="519.238" classname="com.ssp.regression.insurer.testscripts.PP_6675_5518"/>
</testsuite> <!-- com.ssp.regression.insurer.testscripts.PP_6675_5518 -->
