<?xml version="1.0" encoding="UTF-8"?>
<!-- Generated by org.testng.reporters.JUnitReportReporter -->
<testsuite hostname="IN00217" name="com.ssp.regression.insurer.testscripts.PP_5524" tests="1" failures="0" timestamp="11 Oct 2018 10:17:20 GMT" time="59.690" errors="0">
  <testcase name="TC1432_01" time="59.690" classname="com.ssp.regression.insurer.testscripts.PP_5524"/>
</testsuite> <!-- com.ssp.regression.insurer.testscripts.PP_5524 -->
