<?xml version="1.0" encoding="UTF-8"?>
<!-- Generated by org.testng.reporters.JUnitReportReporter -->
<testsuite hostname="IN00439" name="com.ssp.regression.insurer.testscripts.US_7174" tests="2" failures="0" timestamp="14 Jan 2019 10:43:09 GMT" time="84.115" errors="0">
  <testcase name="TC_7174_7634_01" time="46.170" classname="com.ssp.regression.insurer.testscripts.US_7174"/>
  <testcase name="TC_7174_7634_02" time="37.945" classname="com.ssp.regression.insurer.testscripts.US_7174"/>
</testsuite> <!-- com.ssp.regression.insurer.testscripts.US_7174 -->
