<?xml version="1.0" encoding="UTF-8"?>
<!-- Generated by org.testng.reporters.JUnitReportReporter -->
<testsuite hostname="IN00439" name="com.ssp.regression.insurer.testscripts.US_3044" tests="5" failures="0" timestamp="16 Jan 2019 07:07:55 GMT" time="171.615" errors="0">
  <testcase name="TC_3044_7729" time="52.940" classname="com.ssp.regression.insurer.testscripts.US_3044"/>
  <testcase name="TC_3044_7731" time="100.975" classname="com.ssp.regression.insurer.testscripts.US_3044"/>
  <testcase name="TC_3044_7732" time="3.180" classname="com.ssp.regression.insurer.testscripts.US_3044"/>
  <testcase name="TC_3044_7730_01" time="13.679" classname="com.ssp.regression.insurer.testscripts.US_3044"/>
  <testcase name="TC_3044_7730_02" time="0.841" classname="com.ssp.regression.insurer.testscripts.US_3044"/>
</testsuite> <!-- com.ssp.regression.insurer.testscripts.US_3044 -->
