<?xml version="1.0" encoding="UTF-8"?>
<!-- Generated by org.testng.reporters.JUnitReportReporter -->
<testsuite hostname="IN00439" name="com.ssp.regression.insurer.testscripts.US_1430" tests="14" failures="0" timestamp="14 Jan 2019 04:52:23 GMT" time="620.507" errors="0">
  <testcase name="TC_1430_6819" time="29.160" classname="com.ssp.regression.insurer.testscripts.US_1430"/>
  <testcase name="TC_1430_6895" time="48.886" classname="com.ssp.regression.insurer.testscripts.US_1430"/>
  <testcase name="TC_1430_6850_03" time="7.488" classname="com.ssp.regression.insurer.testscripts.US_1430"/>
  <testcase name="TC_1430_6857" time="63.043" classname="com.ssp.regression.insurer.testscripts.US_1430"/>
  <testcase name="TC_1430_6842" time="43.320" classname="com.ssp.regression.insurer.testscripts.US_1430"/>
  <testcase name="TC_1430_6850_02" time="0.698" classname="com.ssp.regression.insurer.testscripts.US_1430"/>
  <testcase name="TC_1430_6852" time="103.768" classname="com.ssp.regression.insurer.testscripts.US_1430"/>
  <testcase name="TC_1430_6822" time="85.144" classname="com.ssp.regression.insurer.testscripts.US_1430"/>
  <testcase name="TC_1430_6850_04" time="33.216" classname="com.ssp.regression.insurer.testscripts.US_1430"/>
  <testcase name="TC_1430_6860" time="0.472" classname="com.ssp.regression.insurer.testscripts.US_1430"/>
  <testcase name="TC_1430_6850_01" time="50.218" classname="com.ssp.regression.insurer.testscripts.US_1430"/>
  <testcase name="TC_1430_6896" time="75.044" classname="com.ssp.regression.insurer.testscripts.US_1430"/>
  <testcase name="TC_1430_6858" time="33.234" classname="com.ssp.regression.insurer.testscripts.US_1430"/>
  <testcase name="TC_1430_6859" time="46.816" classname="com.ssp.regression.insurer.testscripts.US_1430"/>
</testsuite> <!-- com.ssp.regression.insurer.testscripts.US_1430 -->
