<?xml version="1.0" encoding="UTF-8"?>
<!-- Generated by org.testng.reporters.JUnitReportReporter -->
<testsuite hostname="IN00217" name="com.ssp.regression.insurer.testscripts.US_6385" tests="3" failures="0" timestamp="27 Dec 2018 12:14:23 GMT" time="798.966" errors="0">
  <testcase name="TC_6385_6677" time="483.295" classname="com.ssp.regression.insurer.testscripts.US_6385"/>
  <testcase name="TC_6385_6676" time="3.445" classname="com.ssp.regression.insurer.testscripts.US_6385"/>
  <testcase name="TC_6385_6671" time="312.226" classname="com.ssp.regression.insurer.testscripts.US_6385"/>
</testsuite> <!-- com.ssp.regression.insurer.testscripts.US_6385 -->
