<?xml version="1.0" encoding="UTF-8"?>
<!-- Generated by org.testng.reporters.JUnitReportReporter -->
<testsuite hostname="IN00217" name="com.ssp.regression.insurer.testscripts.US_5647" tests="1" failures="0" timestamp="27 Dec 2018 04:09:35 GMT" time="477.197" errors="0">
  <testcase name="TC_5647_6048" time="477.197" classname="com.ssp.regression.insurer.testscripts.US_5647"/>
</testsuite> <!-- com.ssp.regression.insurer.testscripts.US_5647 -->
