<?xml version="1.0" encoding="UTF-8"?>
<!-- Generated by org.testng.reporters.JUnitReportReporter -->
<testsuite hostname="IN00439" name="com.ssp.regression.insurer.testscripts.US_6560" tests="2" failures="0" timestamp="21 Jan 2019 09:48:42 GMT" time="101.228" errors="0">
  <testcase name="TC_6560_6842" time="39.438" classname="com.ssp.regression.insurer.testscripts.US_6560"/>
  <testcase name="TC_6560_6822" time="61.790" classname="com.ssp.regression.insurer.testscripts.US_6560"/>
</testsuite> <!-- com.ssp.regression.insurer.testscripts.US_6560 -->
