<?xml version="1.0" encoding="UTF-8"?>
<!-- Generated by org.testng.reporters.JUnitReportReporter -->
<testsuite hostname="IN00217" name="com.ssp.regression.insurer.testscripts.GuestHouse_DataCaptureForm" tests="1" failures="0" timestamp="13 Dec 2018 10:04:27 GMT" time="466.674" errors="0">
  <testcase name="positiveWorkFlow" time="466.674" classname="com.ssp.regression.insurer.testscripts.GuestHouse_DataCaptureForm"/>
</testsuite> <!-- com.ssp.regression.insurer.testscripts.GuestHouse_DataCaptureForm -->
