<?xml version="1.0" encoding="UTF-8"?>
<!-- Generated by org.testng.reporters.JUnitReportReporter -->
<testsuite hostname="IN00439" name="com.ssp.regression.insurer.testscripts.US_5533" tests="1" failures="0" timestamp="31 Jan 2019 06:01:13 GMT" time="62.221" errors="0">
  <testcase name="TC_5533_7386" time="62.221" classname="com.ssp.regression.insurer.testscripts.US_5533"/>
</testsuite> <!-- com.ssp.regression.insurer.testscripts.US_5533 -->
