<?xml version="1.0" encoding="UTF-8"?>
<!-- Generated by org.testng.reporters.JUnitReportReporter -->
<testsuite hostname="IN00217" name="com.ssp.regression.insurer.testscripts.PP_6675_5676" tests="1" failures="1" timestamp="27 Dec 2018 03:56:25 GMT" time="829.835" errors="0">
  <testcase name="TC_5676_01" time="829.835" classname="com.ssp.regression.insurer.testscripts.PP_6675_5676">
    <failure type="java.lang.Exception" message="java.lang.Exception: java.lang.Exception: java.lang.NullPointerException">
      <![CDATA[java.lang.Exception: java.lang.Exception: java.lang.Exception: java.lang.NullPointerException
	at com.ssp.uxp_pages.GetTestData.getObjectXmlData(GetTestData.java:187)
	at com.ssp.regression.insurer.testscripts.PP_6675_5676.TC_5676_01(PP_6675_5676.java:87)
	at sun.reflect.NativeMethodAccessorImpl.invoke0(Native Method)
	at sun.reflect.NativeMethodAccessorImpl.invoke(NativeMethodAccessorImpl.java:62)
	at sun.reflect.DelegatingMethodAccessorImpl.invoke(DelegatingMethodAccessorImpl.java:43)
	at java.lang.reflect.Method.invoke(Method.java:498)
	at org.testng.internal.MethodInvocationHelper.invokeMethod(MethodInvocationHelper.java:84)
	at org.testng.internal.Invoker.invokeMethod(Invoker.java:714)
	at org.testng.internal.Invoker.invokeTestMethod(Invoker.java:901)
	at org.testng.internal.TestMethodWithDataProviderMethodWorker.call(TestMethodWithDataProviderMethodWorker.java:73)
	at org.testng.internal.TestMethodWithDataProviderMethodWorker.call(TestMethodWithDataProviderMethodWorker.java:14)
	at java.util.concurrent.FutureTask.run(FutureTask.java:266)
	at java.util.concurrent.Executors$RunnableAdapter.call(Executors.java:511)
	at java.util.concurrent.FutureTask.run(FutureTask.java:266)
	at java.util.concurrent.ThreadPoolExecutor.runWorker(ThreadPoolExecutor.java:1149)
	at java.util.concurrent.ThreadPoolExecutor$Worker.run(ThreadPoolExecutor.java:624)
	at java.lang.Thread.run(Thread.java:748)
Caused by: java.lang.Exception: java.lang.Exception: java.lang.NullPointerException
	at com.ssp.uxp_pages.GetTestData.printnote(GetTestData.java:365)
	at com.ssp.uxp_pages.GetTestData.getObjectXmlData(GetTestData.java:181)
	... 16 more
Caused by: java.lang.Exception: java.lang.NullPointerException
	at com.ssp.uxp_pages.GetTestData.printnote(GetTestData.java:365)
	at com.ssp.uxp_pages.GetTestData.printnote(GetTestData.java:358)
	... 17 more
Caused by: java.lang.NullPointerException
	at com.ssp.uxp_pages.ActionKeyword.assertViewTransactionForSNDReference(ActionKeyword.java:3167)
	at com.ssp.uxp_pages.ActionKeyword.performActionBasedOnFieldType(ActionKeyword.java:429)
	at com.ssp.uxp_pages.GetTestData.printnote(GetTestData.java:353)
	... 18 more
]]>
    </failure>
  </testcase> <!-- TC_5676_01 -->
</testsuite> <!-- com.ssp.regression.insurer.testscripts.PP_6675_5676 -->
