<?xml version="1.0" encoding="UTF-8"?>
<!-- Generated by org.testng.reporters.JUnitReportReporter -->
<testsuite hostname="IN00439" name="com.ssp.regression.insurer.testscripts.US_7168" tests="3" failures="0" timestamp="11 Feb 2019 05:22:10 GMT" time="159.819" errors="0">
  <testcase name="TC_7168_8652_01" time="121.857" classname="com.ssp.regression.insurer.testscripts.US_7168"/>
  <testcase name="TC_7168_8652_03" time="18.750" classname="com.ssp.regression.insurer.testscripts.US_7168"/>
  <testcase name="TC_7168_8652_02" time="19.212" classname="com.ssp.regression.insurer.testscripts.US_7168"/>
</testsuite> <!-- com.ssp.regression.insurer.testscripts.US_7168 -->
