<?xml version="1.0" encoding="UTF-8"?>
<!-- Generated by org.testng.reporters.JUnitReportReporter -->
<testsuite hostname="IN00217" name="com.ssp.regression.insurer.testscripts.PP_5637" tests="1" failures="0" timestamp="9 Oct 2018 10:44:12 GMT" time="474.799" errors="0">
  <testcase name="TC1395_01" time="474.799" classname="com.ssp.regression.insurer.testscripts.PP_5637"/>
</testsuite> <!-- com.ssp.regression.insurer.testscripts.PP_5637 -->
