<?xml version="1.0" encoding="UTF-8"?>
<!-- Generated by org.testng.reporters.JUnitReportReporter -->
<testsuite hostname="IN00217" name="com.ssp.regression.insurer.testscripts.US_5678" tests="4" failures="0" timestamp="27 Dec 2018 10:20:22 GMT" time="311.666" errors="0">
  <testcase name="TC_5678_6178" time="56.299" classname="com.ssp.regression.insurer.testscripts.US_5678"/>
  <testcase name="TC_5678_6173" time="7.563" classname="com.ssp.regression.insurer.testscripts.US_5678"/>
  <testcase name="TC_5678_6179" time="7.651" classname="com.ssp.regression.insurer.testscripts.US_5678"/>
  <testcase name="TC_5678_6142" time="240.153" classname="com.ssp.regression.insurer.testscripts.US_5678"/>
</testsuite> <!-- com.ssp.regression.insurer.testscripts.US_5678 -->
