<?xml version="1.0" encoding="UTF-8"?>
<!-- Generated by org.testng.reporters.JUnitReportReporter -->
<testsuite hostname="IN00217" name="com.ssp.regression.insurer.testscripts.PP_1395" tests="1" failures="0" timestamp="3 Oct 2018 09:10:43 GMT" time="64.562" errors="0">
  <testcase name="TC1395_01" time="64.562" classname="com.ssp.regression.insurer.testscripts.PP_1395"/>
</testsuite> <!-- com.ssp.regression.insurer.testscripts.PP_1395 -->
