<?xml version="1.0" encoding="UTF-8"?>
<!-- Generated by org.testng.reporters.JUnitReportReporter -->
<testsuite hostname="IN00439" name="com.ssp.regression.insurer.testscripts.US_7156" tests="1" failures="0" timestamp="31 Jan 2019 06:23:47 GMT" time="56.964" errors="0">
  <testcase name="TC_7156_7792" time="56.964" classname="com.ssp.regression.insurer.testscripts.US_7156"/>
</testsuite> <!-- com.ssp.regression.insurer.testscripts.US_7156 -->
